TN:
SF:database.js
FN:17,(anonymous_0)
FNF:1
FNH:0
FNDA:0,(anonymous_0)
DA:2,1
DA:5,1
DA:17,1
DA:18,0
DA:19,0
DA:21,0
DA:23,0
DA:28,1
LF:8
LH:4
BRF:0
BRH:0
end_of_record
TN:
SF:controllers\storyController.js
FN:8,(anonymous_0)
FN:14,(anonymous_1)
FN:20,(anonymous_2)
FN:32,(anonymous_3)
FN:50,(anonymous_4)
FN:70,(anonymous_5)
FNF:6
FNH:6
FNDA:1,(anonymous_0)
FNDA:2,(anonymous_1)
FNDA:1,(anonymous_2)
FNDA:3,(anonymous_3)
FNDA:3,(anonymous_4)
FNDA:1,(anonymous_5)
DA:2,1
DA:3,1
DA:4,1
DA:5,1
DA:8,1
DA:9,1
DA:11,1
DA:14,1
DA:15,2
DA:17,2
DA:20,1
DA:21,1
DA:27,1
DA:29,1
DA:32,1
DA:33,3
DA:35,3
DA:36,3
DA:37,2
DA:39,3
DA:40,2
DA:43,3
DA:45,3
DA:47,3
DA:50,1
DA:51,3
DA:53,3
DA:54,3
DA:55,3
DA:57,3
DA:58,2
DA:63,1
DA:65,1
DA:67,1
DA:70,1
DA:71,1
DA:73,1
DA:75,1
LF:38
LH:38
BRDA:36,0,0,2
BRDA:36,0,1,1
BRDA:39,1,0,2
BRDA:39,1,1,1
BRDA:54,2,0,3
BRDA:54,2,1,1
BRDA:55,3,0,3
BRDA:55,3,1,1
BRDA:57,4,0,2
BRDA:57,4,1,1
BRDA:57,5,0,3
BRDA:57,5,1,2
BRF:12
BRH:12
end_of_record
TN:
SF:models\storyModel.js
FNF:0
FNH:0
DA:2,1
DA:3,1
DA:6,1
DA:53,1
LF:4
LH:4
BRF:0
BRH:0
end_of_record
TN:
SF:services\storyService.js
FN:6,(anonymous_0)
FN:8,(anonymous_1)
FN:18,(anonymous_2)
FN:20,(anonymous_3)
FN:26,(anonymous_4)
FN:30,(anonymous_5)
FNF:6
FNH:0
FNDA:0,(anonymous_0)
FNDA:0,(anonymous_1)
FNDA:0,(anonymous_2)
FNDA:0,(anonymous_3)
FNDA:0,(anonymous_4)
FNDA:0,(anonymous_5)
DA:2,1
DA:3,1
DA:6,1
DA:8,1
DA:9,0
DA:11,0
DA:12,0
DA:15,0
DA:18,1
DA:20,1
DA:21,0
DA:26,1
DA:27,0
DA:30,1
DA:31,0
DA:33,0
DA:34,0
DA:37,0
DA:38,0
LF:19
LH:8
BRDA:11,0,0,0
BRDA:11,0,1,0
BRDA:33,1,0,0
BRDA:33,1,1,0
BRDA:37,2,0,0
BRDA:37,2,1,0
BRF:6
BRH:0
end_of_record
TN:
SF:utils\AppError.js
FN:2,(anonymous_0)
FNF:1
FNH:1
FNDA:2,(anonymous_0)
DA:3,2
DA:5,2
DA:6,2
DA:7,2
DA:9,2
DA:13,1
LF:6
LH:6
BRDA:6,0,0,2
BRDA:6,0,1,0
BRF:2
BRH:1
end_of_record
TN:
SF:utils\catchAsync.js
FN:1,(anonymous_0)
FN:1,(anonymous_1)
FNF:2
FNH:2
FNDA:6,(anonymous_0)
FNDA:11,(anonymous_1)
DA:1,6
DA:2,11
DA:3,11
DA:5,0
LF:4
LH:3
BRF:0
BRH:0
end_of_record
TN:
SF:utils\contentNegotiation.js
FN:7,(anonymous_0)
FN:12,(anonymous_1)
FN:15,(anonymous_2)
FN:18,(anonymous_3)
FNF:4
FNH:0
FNDA:0,(anonymous_0)
FNDA:0,(anonymous_1)
FNDA:0,(anonymous_2)
FNDA:0,(anonymous_3)
DA:2,1
DA:3,1
DA:4,1
DA:7,1
DA:8,0
DA:9,0
DA:12,1
DA:13,0
DA:15,1
DA:18,1
DA:19,0
DA:20,0
DA:21,0
DA:22,0
DA:23,0
DA:25,0
DA:27,0
DA:28,0
DA:29,0
DA:30,0
DA:31,0
DA:32,0
DA:33,0
DA:34,0
DA:35,0
DA:37,0
DA:40,0
LF:27
LH:7
BRDA:22,0,0,0
BRDA:22,0,1,0
BRDA:27,1,0,0
BRDA:27,1,1,0
BRDA:27,2,0,0
BRDA:27,2,1,0
BRDA:30,3,0,0
BRDA:30,3,1,0
BRDA:30,4,0,0
BRDA:30,4,1,0
BRDA:33,5,0,0
BRDA:33,5,1,0
BRDA:33,6,0,0
BRDA:33,6,1,0
BRF:14
BRH:0
end_of_record
